[debug] [2021-10-20T20:23:04.651Z] ----------------------------------------------------------------------
[debug] [2021-10-20T20:23:04.654Z] Command:       /usr/local/bin/node /usr/local/bin/firebase init
[debug] [2021-10-20T20:23:04.654Z] CLI Version:   9.20.0
[debug] [2021-10-20T20:23:04.654Z] Platform:      darwin
[debug] [2021-10-20T20:23:04.654Z] Node Version:  v14.18.1
[debug] [2021-10-20T20:23:04.655Z] Time:          Wed Oct 20 2021 16:23:04 GMT-0400 (Eastern Daylight Time)
[debug] [2021-10-20T20:23:04.655Z] ----------------------------------------------------------------------
[debug] 
[debug] [2021-10-20T20:23:04.661Z] > command requires scopes: ["email","openid","https://www.googleapis.com/auth/cloudplatformprojects.readonly","https://www.googleapis.com/auth/firebase","https://www.googleapis.com/auth/cloud-platform"]
[debug] [2021-10-20T20:23:04.662Z] > authorizing via signed-in user (mcm.maceachern@gmail.com)
[info] 
     ######## #### ########  ######## ########     ###     ######  ########
     ##        ##  ##     ## ##       ##     ##  ##   ##  ##       ##
     ######    ##  ########  ######   ########  #########  ######  ######
     ##        ##  ##    ##  ##       ##     ## ##     ##       ## ##
     ##       #### ##     ## ######## ########  ##     ##  ######  ########

You're about to initialize a Firebase project in this directory:

  /Users/mcmaceac/code/personal-website

[info] 
=== Project Setup
[info] 
[info] First, let's associate this project directory with a Firebase project.
[info] You can create multiple project aliases by running firebase use --add, 
[info] but for now we'll just set up a default project.
[info] 
[debug] [2021-10-20T20:24:49.402Z] >>> [apiv2][query] GET https://firebase.googleapis.com/v1beta1/projects pageSize=100
[debug] [2021-10-20T20:24:49.695Z] <<< [apiv2][status] GET https://firebase.googleapis.com/v1beta1/projects 200
[debug] [2021-10-20T20:24:49.695Z] <<< [apiv2][body] GET https://firebase.googleapis.com/v1beta1/projects [omitted]
[info] i  Using project personal-website-ecc97 (personal-website) 
[info] 
=== Hosting Setup
[info] 
[info] Your public directory is the folder (relative to your project directory) that
[info] will contain Hosting assets to be uploaded with firebase deploy. If you
[info] have a build process for your assets, use your build's output directory.
[info] 
